This is pdfTeX, Version 3.141592-1.40.4 (MiKTeX 2.7) (preloaded format=pdflatex 2008.6.5)  27 JUN 2008 19:49
entering extended mode
**Project_SRS.tex
(Project_SRS.tex
LaTeX2e <2005/12/01>
Babel <v3.8h> and hyphenation patterns for english, dumylang, nohyphenation, ge
rman, ngerman, french, loaded.
("G:\MiKTeX 2.7\tex\latex\base\article.cls"
Document Class: article 2005/09/16 v1.4f Standard LaTeX document class
("G:\MiKTeX 2.7\tex\latex\base\size11.clo"
File: size11.clo 2005/09/16 v1.4f Standard LaTeX file (size option)
)
\c@part=\count79
\c@section=\count80
\c@subsection=\count81
\c@subsubsection=\count82
\c@paragraph=\count83
\c@subparagraph=\count84
\c@figure=\count85
\c@table=\count86
\abovecaptionskip=\skip41
\belowcaptionskip=\skip42
\bibindent=\dimen102
)
("G:\MiKTeX 2.7\tex\latex\graphics\graphicx.sty"
Package: graphicx 1999/02/16 v1.0f Enhanced LaTeX Graphics (DPC,SPQR)

("G:\MiKTeX 2.7\tex\latex\graphics\keyval.sty"
Package: keyval 1999/03/16 v1.13 key=value parser (DPC)
\KV@toks@=\toks14
)
("G:\MiKTeX 2.7\tex\latex\graphics\graphics.sty"
Package: graphics 2006/02/20 v1.0o Standard LaTeX Graphics (DPC,SPQR)

("G:\MiKTeX 2.7\tex\latex\graphics\trig.sty"
Package: trig 1999/03/16 v1.09 sin cos tan (DPC)
)
("G:\MiKTeX 2.7\tex\latex\00miktex\graphics.cfg"
File: graphics.cfg 2007/01/18 v1.5 graphics configuration of teTeX/TeXLive
)
Package graphics Info: Driver file: pdftex.def on input line 90.

("G:\MiKTeX 2.7\tex\latex\graphics\pdftex.def"
File: pdftex.def 2007/06/12 v0.04h Graphics/color for pdfTeX
\Gread@gobject=\count87
))
\Gin@req@height=\dimen103
\Gin@req@width=\dimen104
) (Project_SRS.aux)
LaTeX Font Info:    Checking defaults for OML/cmm/m/it on input line 9.
LaTeX Font Info:    ... okay on input line 9.
LaTeX Font Info:    Checking defaults for T1/cmr/m/n on input line 9.
LaTeX Font Info:    ... okay on input line 9.
LaTeX Font Info:    Checking defaults for OT1/cmr/m/n on input line 9.
LaTeX Font Info:    ... okay on input line 9.
LaTeX Font Info:    Checking defaults for OMS/cmsy/m/n on input line 9.
LaTeX Font Info:    ... okay on input line 9.
LaTeX Font Info:    Checking defaults for OMX/cmex/m/n on input line 9.
LaTeX Font Info:    ... okay on input line 9.
LaTeX Font Info:    Checking defaults for U/cmr/m/n on input line 9.
LaTeX Font Info:    ... okay on input line 9.

("G:\MiKTeX 2.7\tex\context\base\supp-pdf.tex"
[Loading MPS to PDF converter (version 2006.09.02).]
\scratchcounter=\count88
\scratchdimen=\dimen105
\scratchbox=\box26
\nofMPsegments=\count89
\nofMParguments=\count90
\MPscratchCnt=\count91
\MPscratchDim=\dimen106
\MPnumerator=\count92
\everyMPtoPDFconversion=\toks15
)
Underfull \hbox (badness 10000) in paragraph at lines 21--23

 []

Missing character: There is no ’ in font cmr10!

Underfull \hbox (badness 10000) in paragraph at lines 40--42

 []

[1

{C:/Documents and Settings/Moustafa/Local Settings/Application Data/MiKTeX/2.7/
pdftex/config/pdftex.map}]
Underfull \hbox (badness 10000) in paragraph at lines 66--68

 []

[2]
Underfull \hbox (badness 10000) in paragraph at lines 91--93

 []

LaTeX Font Info:    Try loading font information for OMS+cmr on input line 102.

("G:\MiKTeX 2.7\tex\latex\base\omscmr.fd"
File: omscmr.fd 1999/05/25 v2.5h Standard LaTeX font definitions
)
LaTeX Font Info:    Font shape `OMS/cmr/m/n' in size <10.95> not available
(Font)              Font shape `OMS/cmsy/m/n' tried instead on input line 102.

Underfull \hbox (badness 10000) in paragraph at lines 111--113

 []


Underfull \hbox (badness 10000) in paragraph at lines 115--117

 []

Missing character: There is no ’ in font cmr10!
[3] [4] [5] <SRSImages/ClassOverview.jpg, id=21, 481.04718pt x 344.03531pt>
File: SRSImages/ClassOverview.jpg Graphic file (type jpg)

<use SRSImages/ClassOverview.jpg>
<SRSImages/IntroScreen.jpg, id=22, 360.59718pt x 402.75468pt>
File: SRSImages/IntroScreen.jpg Graphic file (type jpg)

<use SRSImages/IntroScreen.jpg> [6 <SRSImages/ClassOverview.jpg>]
<SRSImages/IntroScreen_Tab.jpg, id=26, 360.59718pt x 392.21532pt>
File: SRSImages/IntroScreen_Tab.jpg Graphic file (type jpg)

<use SRSImages/IntroScreen_Tab.jpg>
<SRSImages/NotAvailableScreen.jpg, id=27, 360.59718pt x 402.75468pt>
File: SRSImages/NotAvailableScreen.jpg Graphic file (type jpg)

<use SRSImages/NotAvailableScreen.jpg> [7 <SRSImages/IntroScreen.jpg> <SRSImage
s/IntroScreen_Tab.jpg>]
<SRSImages/DisplayScreen_TextTab.jpg, id=32, 360.59718pt x 402.75468pt>
File: SRSImages/DisplayScreen_TextTab.jpg Graphic file (type jpg)

<use SRSImages/DisplayScreen_TextTab.jpg>
Underfull \hbox (badness 10000) in paragraph at lines 266--267

 []

[8 <SRSImages/NotAvailableScreen.jpg> <SRSImages/DisplayScreen_TextTab.jpg>]
<SRSImages/MAP2.jpg, id=36, 578.91281pt x 627.84563pt>
File: SRSImages/MAP2.jpg Graphic file (type jpg)

<use SRSImages/MAP2.jpg> [9] [10 <SRSImages/MAP2.jpg>] (Project_SRS.aux) ) 
Here is how much of TeX's memory you used:
 904 strings out of 95340
 11125 string characters out of 1184605
 60263 words of memory out of 1500000
 4139 multiletter control sequences out of 110000
 4851 words of font info for 18 fonts, out of 1200000 for 2000
 14 hyphenation exceptions out of 8191
 25i,4n,25p,634b,367s stack positions out of 5000i,500n,10000p,200000b,5000s
<G:/M
iKTeX 2.7/fonts/type1/bluesky/cm/cmbx10.pfb><G:/MiKTeX 2.7/fonts/type1/bluesky/
cm/cmr10.pfb><G:/MiKTeX 2.7/fonts/type1/bluesky/cm/cmsy10.pfb><G:/MiKTeX 2.7/fo
nts/type1/bluesky/cm/cmti10.pfb>
Output written on Project_SRS.pdf (10 pages, 356518 bytes).
PDF statistics:
 57 PDF objects out of 1000 (max. 8388607)
 0 named destinations out of 1000 (max. 131072)
 31 words of extra memory for PDF output out of 10000 (max. 10000000)

